# JRE version: Java(TM) SE Runtime Environment (8.0_101-b13) (build 1.8.0_101-b13)
# Java VM: Java HotSpot(TM) Server VM (25.101-b13 mixed mode linux-x86 )
Heap:
 PSYoungGen      total 433920K, used 7332K [0x87000000, 0xa7000000, 0xa7000000)
  eden space 398848K, 0% used [0x87000000,0x87000000,0x9f580000)
  from space 35072K, 20% used [0xa4dc0000,0xa54e9350,0xa7000000)
  to   space 62720K, 0% used [0x9f580000,0x9f580000,0xa32c0000)
 ParOldGen       total 115968K, used 115839K [0x47000000, 0x4e140000, 0x87000000)
  object space 115968K, 99% used [0x47000000,0x4e11fe30,0x4e140000)
 Metaspace       used 47231K, capacity 48676K, committed 48768K, reserved 49456K
GC Heap History (10 events):
Event: 1273,520 GC heap after
Heap after GC invocations=38 (full 8):
 PSYoungGen      total 486912K, used 26962K [0x87000000, 0xa7000000, 0xa7000000)
  eden space 456192K, 0% used [0x87000000,0x87000000,0xa2d80000)
  from space 30720K, 87% used [0xa51c0000,0xa6c14968,0xa6fc0000)
  to   space 34048K, 0% used [0xa2d80000,0xa2d80000,0xa4ec0000)
 ParOldGen       total 102912K, used 56273K [0x47000000, 0x4d480000, 0x87000000)
  object space 102912K, 54% used [0x47000000,0x4a6f45c8,0x4d480000)
 Metaspace       used 46512K, capacity 47889K, committed 48000K, reserved 48432K
}
Event: 1281,824 GC heap before
{Heap before GC invocations=39 (full 8):
 PSYoungGen      total 486912K, used 483154K [0x87000000, 0xa7000000, 0xa7000000)
  eden space 456192K, 100% used [0x87000000,0xa2d80000,0xa2d80000)
  from space 30720K, 87% used [0xa51c0000,0xa6c14968,0xa6fc0000)
  to   space 34048K, 0% used [0xa2d80000,0xa2d80000,0xa4ec0000)
 ParOldGen       total 102912K, used 56273K [0x47000000, 0x4d480000, 0x87000000)
  object space 102912K, 54% used [0x47000000,0x4a6f45c8,0x4d480000)
 Metaspace       used 46625K, capacity 48059K, committed 48128K, reserved 48432K
Event: 1281,858 GC heap after
Heap after GC invocations=39 (full 8):
 PSYoungGen      total 490240K, used 14077K [0x87000000, 0xa6fc0000, 0xa7000000)
  eden space 456192K, 0% used [0x87000000,0x87000000,0xa2d80000)
  from space 34048K, 41% used [0xa2d80000,0xa3b3f4f8,0xa4ec0000)
  to   space 32256K, 0% used [0xa5040000,0xa5040000,0xa6fc0000)
 ParOldGen       total 102912K, used 56273K [0x47000000, 0x4d480000, 0x87000000)
  object space 102912K, 54% used [0x47000000,0x4a6f45c8,0x4d480000)
 Metaspace       used 46625K, capacity 48059K, committed 48128K, reserved 48432K
}
Event: 1303,245 GC heap before
{Heap before GC invocations=40 (full 8):
 PSYoungGen      total 490240K, used 470269K [0x87000000, 0xa6fc0000, 0xa7000000)
  eden space 456192K, 100% used [0x87000000,0xa2d80000,0xa2d80000)
  from space 34048K, 41% used [0xa2d80000,0xa3b3f4f8,0xa4ec0000)
  to   space 32256K, 0% used [0xa5040000,0xa5040000,0xa6fc0000)
 ParOldGen       total 102912K, used 56273K [0x47000000, 0x4d480000, 0x87000000)
  object space 102912K, 54% used [0x47000000,0x4a6f45c8,0x4d480000)
 Metaspace       used 47118K, capacity 48580K, committed 48640K, reserved 49456K
Event: 1303,307 GC heap after
Heap after GC invocations=40 (full 8):
 PSYoungGen      total 486656K, used 10447K [0x87000000, 0xa6c40000, 0xa7000000)
  eden space 457984K, 0% used [0x87000000,0x87000000,0xa2f40000)
  from space 28672K, 36% used [0xa5040000,0xa5a73e40,0xa6c40000)
  to   space 31232K, 0% used [0xa2f40000,0xa2f40000,0xa4dc0000)
 ParOldGen       total 102912K, used 56273K [0x47000000, 0x4d480000, 0x87000000)
  object space 102912K, 54% used [0x47000000,0x4a6f45c8,0x4d480000)
 Metaspace       used 47118K, capacity 48580K, committed 48640K, reserved 49456K
}
Event: 1305,698 GC heap before
{Heap before GC invocations=41 (full 8):
 PSYoungGen      total 486656K, used 468431K [0x87000000, 0xa6c40000, 0xa7000000)
  eden space 457984K, 100% used [0x87000000,0xa2f40000,0xa2f40000)
  from space 28672K, 36% used [0xa5040000,0xa5a73e40,0xa6c40000)
  to   space 31232K, 0% used [0xa2f40000,0xa2f40000,0xa4dc0000)
 ParOldGen       total 102912K, used 56273K [0x47000000, 0x4d480000, 0x87000000)
  object space 102912K, 54% used [0x47000000,0x4a6f45c8,0x4d480000)
 Metaspace       used 47206K, capacity 48676K, committed 48768K, reserved 49456K
Event: 1305,799 GC heap after
Heap after GC invocations=41 (full 8):
 PSYoungGen      total 489216K, used 31222K [0x87000000, 0xa7000000, 0xa7000000)
  eden space 457984K, 0% used [0x87000000,0x87000000,0xa2f40000)
  from space 31232K, 99% used [0xa2f40000,0xa4dbd980,0xa4dc0000)
  to   space 35072K, 0% used [0xa4dc0000,0xa4dc0000,0xa7000000)
 ParOldGen       total 102912K, used 60045K [0x47000000, 0x4d480000, 0x87000000)
  object space 102912K, 58% used [0x47000000,0x4aaa3510,0x4d480000)
 Metaspace       used 47206K, capacity 48676K, committed 48768K, reserved 49456K
}
Event: 1307,763 GC heap before
{Heap before GC invocations=42 (full 8):
 PSYoungGen      total 489216K, used 489206K [0x87000000, 0xa7000000, 0xa7000000)
  eden space 457984K, 100% used [0x87000000,0xa2f40000,0xa2f40000)
  from space 31232K, 99% used [0xa2f40000,0xa4dbd980,0xa4dc0000)
  to   space 35072K, 0% used [0xa4dc0000,0xa4dc0000,0xa7000000)
 ParOldGen       total 102912K, used 60045K [0x47000000, 0x4d480000, 0x87000000)
  object space 102912K, 58% used [0x47000000,0x4aaa3510,0x4d480000)
 Metaspace       used 47231K, capacity 48676K, committed 48768K, reserved 49456K
Event: 1310,230 GC heap after
Heap after GC invocations=42 (full 8):
 PSYoungGen      total 433920K, used 35057K [0x87000000, 0xa7000000, 0xa7000000)
  eden space 398848K, 0% used [0x87000000,0x87000000,0x9f580000)
  from space 35072K, 99% used [0xa4dc0000,0xa6ffc720,0xa7000000)
  to   space 62720K, 0% used [0x9f580000,0x9f580000,0xa32c0000)
 ParOldGen       total 115968K, used 115877K [0x47000000, 0x4e140000, 0x87000000)
  object space 115968K, 99% used [0x47000000,0x4e1297e8,0x4e140000)
 Metaspace       used 47231K, capacity 48676K, committed 48768K, reserved 49456K
}
Event: 1310,534 GC heap before
{Heap before GC invocations=43 (full 9):
 PSYoungGen      total 433920K, used 35057K [0x87000000, 0xa7000000, 0xa7000000)
  eden space 398848K, 0% used [0x87000000,0x87000000,0x9f580000)
  from space 35072K, 99% used [0xa4dc0000,0xa6ffc720,0xa7000000)
  to   space 62720K, 0% used [0x9f580000,0x9f580000,0xa32c0000)
 ParOldGen       total 115968K, used 115877K [0x47000000, 0x4e140000, 0x87000000)
  object space 115968K, 99% used [0x47000000,0x4e1297e8,0x4e140000)
 Metaspace       used 47231K, capacity 48676K, committed 48768K, reserved 49456K

